<?xml version="1.0" encoding="UTF-8"?>
<!-- Generated by org.testng.reporters.JUnitReportReporter -->
<testsuite skipped="0" hostname="ANUSHA-PC" name="Re" tests="2" failures="0" timestamp="25 Jul 2019 05:40:44 GMT" time="0.020" errors="0">
  <testcase name="compose" time="0.012" classname="Re"/>
  <testcase name="Reply" time="0.008" classname="Re"/>
</testsuite> <!-- Re -->
