<?xml version="1.0" encoding="UTF-8"?>
<!-- Generated by org.testng.reporters.JUnitReportReporter -->
<testsuite skipped="0" hostname="ANUSHA-PC" name="Facebook" tests="1" failures="0" timestamp="25 Jul 2019 14:28:40 GMT" time="186.815" errors="0">
  <testcase name="create" time="186.815" classname="Facebook"/>
</testsuite> <!-- Facebook -->
