<?xml version="1.0" encoding="UTF-8"?>
<!-- Generated by org.testng.reporters.JUnitReportReporter -->
<testsuite skipped="0" hostname="ANUSHA-PC" name="Testng" tests="2" failures="0" timestamp="25 Jul 2019 05:40:44 GMT" time="0.076" errors="0">
  <testcase name="compose" time="0.037" classname="Testng"/>
  <testcase name="Reply" time="0.039" classname="Testng"/>
</testsuite> <!-- Testng -->
